#
# A fatal error has been detected by the Java Runtime Environment:
#
#  EXCEPTION_ACCESS_VIOLATION (0xc0000005) at pc=0x00007f2e8014c540, pid=61, tid=0x000000000000004d
#
# JRE version: OpenJDK Runtime Environment (8.0_152-b39) (build 1.8.0_152-release-1136-b39)
# Java VM: OpenJDK 64-Bit Server VM (25.152-b39 mixed mode windows-amd64 compressed oops)
# Problematic frame:
# C  [dbghelp.dll+0x5c540]
#
# Failed to write core dump. Minidumps are not enabled by default on client versions of Windows
#
# If you would like to submit a bug report, please visit:
#   http://bugreport.java.com/bugreport/crash.jsp
# The crash happened outside the Java Virtual Machine in native code.
# See problematic frame for where to report the bug.
#

---------------  T H R E A D  ---------------

Current thread (0x0000000005c06800):  JavaThread "Idea Main Thread" [_thread_in_native, id=77, stack(0x0000000006160000,0x0000000006260000)]

siginfo: ExceptionCode=0xc0000005, ExceptionInformation=0x0000000000000008 0x00007f2e8014c540

Registers:
RAX=0x00007f2e8014c540, RBX=0x0000000000000001, RCX=0x0000000000000001, RDX=0x000000007bd06028
RSP=0x000000000625bf88, RBP=0x000000000625c030, RSI=0x0000000000000000, RDI=0x0000000008857870
R8 =0x0000000000000000, R9 =0x000000000005aaf8, R10=0x0000000000000000, R11=0x000000000005a8e8
R12=0x0000000000000000, R13=0x0000000017ad8190, R14=0x000000000625c050, R15=0x0000000005c06800
RIP=0x00007f2e8014c540, EFLAGS=0x0000000000010202

Top of Stack: (sp=0x000000000625bf88)
0x000000000625bf88:   00000000063440f5 000000000625c300
0x000000000625bf98:   0000000000000001 0000000017ad8190
0x000000000625bfa8:   0000000000000000 0000000017ad8190
0x000000000625bfb8:   0000000008868367 0000000005c06800
0x000000000625bfc8:   0000000017ad8190 0000000000000000
0x000000000625bfd8:   0000000005c06800 000000000625c0a0
0x000000000625bfe8:   0000000008868062 000000000625bff0
0x000000000625bff8:   0000000017ad8190 000000000625c050
0x000000000625c008:   0000000017adb728 0000000000000000
0x000000000625c018:   0000000017ad8190 0000000000000000
0x000000000625c028:   000000000625c050 000000000625c098
0x000000000625c038:   000000000885809d 00000000d1210050
0x000000000625c048:   0000000008861f18 0000000000000001
0x000000000625c058:   000000000625c058 0000000017ad80f5
0x000000000625c068:   000000000625c0a0 0000000017adb728
0x000000000625c078:   0000000000000000 0000000017ad8108 

Instructions: (pc=0x00007f2e8014c540)
0x00007f2e8014c520:   00 00 00 00 00 00 00 00 00 00 00 00 00 00 00 00
0x00007f2e8014c530:   00 00 00 00 00 00 00 00 00 00 00 00 00 00 00 00
0x00007f2e8014c540:   00 00 00 00 00 00 00 00 00 00 00 00 00 00 00 00
0x00007f2e8014c550:   00 00 00 00 00 00 00 00 00 00 00 00 00 00 00 00 


Register to memory mapping:

RAX=0x00007f2e8014c540 is an unknown value
RBX=0x0000000000000001 is an unknown value
RCX=0x0000000000000001 is an unknown value
RDX=0x000000007bd06028 is an unknown value
RSP=0x000000000625bf88 is pointing into the stack for thread: 0x0000000005c06800
RBP=0x000000000625c030 is pointing into the stack for thread: 0x0000000005c06800
RSI=0x0000000000000000 is an unknown value
RDI=0x0000000008857870 is at code_begin+208 in an Interpreter codelet
invoke return entry points  [0x00000000088577a0, 0x0000000008858180]  2528 bytes
R8 =0x0000000000000000 is an unknown value
R9 =0x000000000005aaf8 is an unknown value
R10=0x0000000000000000 is an unknown value
R11=0x000000000005a8e8 is an unknown value
R12=0x0000000000000000 is an unknown value
R13={method} {0x0000000017ad8198} 'setProcessDPIAwareness' '(I)V' in 'sun/awt/Win32GraphicsEnvironment'
R14=0x000000000625c050 is pointing into the stack for thread: 0x0000000005c06800
R15=0x0000000005c06800 is a thread


Stack: [0x0000000006160000,0x0000000006260000],  sp=0x000000000625bf88,  free space=1007k
Native frames: (J=compiled Java code, j=interpreted, Vv=VM code, C=native code)
C  [dbghelp.dll+0x5c540]

Java frames: (J=compiled Java code, j=interpreted, Vv=VM code)
j  sun.awt.Win32GraphicsEnvironment.setProcessDPIAwareness(I)V+0
j  sun.awt.Win32GraphicsEnvironment.initDisplayWrapper()V+21
j  sun.awt.Win32GraphicsEnvironment.<clinit>()V+22
v  ~StubRoutines::call_stub
j  java.lang.Class.forName0(Ljava/lang/String;ZLjava/lang/ClassLoader;Ljava/lang/Class;)Ljava/lang/Class;+0
j  java.lang.Class.forName(Ljava/lang/String;)Ljava/lang/Class;+11
j  java.awt.GraphicsEnvironment.createGE()Ljava/awt/GraphicsEnvironment;+18
j  java.awt.GraphicsEnvironment.getLocalGraphicsEnvironment()Ljava/awt/GraphicsEnvironment;+6
j  sun.awt.windows.WToolkit.getScreenResolution()I+0
j  javax.swing.text.html.CSS$LengthUnit.<clinit>()V+137
v  ~StubRoutines::call_stub
j  javax.swing.text.html.CSS$FontSize.parseCssValue(Ljava/lang/String;)Ljava/lang/Object;+177
j  javax.swing.text.html.CSS.getInternalCSSValue(Ljavax/swing/text/html/CSS$Attribute;Ljava/lang/String;)Ljava/lang/Object;+14
j  javax.swing.text.html.CSS.addInternalCSSValue(Ljavax/swing/text/MutableAttributeSet;Ljavax/swing/text/html/CSS$Attribute;Ljava/lang/String;)V+174
j  javax.swing.text.html.StyleSheet.addCSSAttribute(Ljavax/swing/text/MutableAttributeSet;Ljavax/swing/text/html/CSS$Attribute;Ljava/lang/String;)V+7
j  javax.swing.text.html.StyleSheet$CssParser.handleValue(Ljava/lang/String;)V+78
j  javax.swing.text.html.CSSParser.parseDeclaration()I+89
j  javax.swing.text.html.CSSParser.parseDeclarationBlock()V+1
j  javax.swing.text.html.CSSParser.parseRuleSet()V+17
j  javax.swing.text.html.CSSParser.getNextStatement()Z+95
j  javax.swing.text.html.CSSParser.parse(Ljava/io/Reader;Ljavax/swing/text/html/CSSParser$CSSParserCallback;Z)V+37
j  javax.swing.text.html.StyleSheet$CssParser.parse(Ljava/net/URL;Ljava/io/Reader;ZZ)V+55
j  javax.swing.text.html.StyleSheet.loadRules(Ljava/io/Reader;Ljava/net/URL;)V+14
j  javax.swing.text.html.HTMLEditorKit.getStyleSheet()Ljavax/swing/text/html/StyleSheet;+65
j  com.intellij.util.ui.UIUtil.<clinit>()V+38
v  ~StubRoutines::call_stub
j  com.intellij.ui.JBColor.<clinit>()V+0
v  ~StubRoutines::call_stub
j  com.intellij.openapi.application.impl.ApplicationInfoImpl.<init>()V+27
j  com.intellij.openapi.application.impl.ApplicationInfoImpl.getShadowInstance()Lcom/intellij/openapi/application/ex/ApplicationInfoEx;+10
j  com.intellij.idea.StartupUtil.a(Lcom/intellij/openapi/diagnostic/Logger;)V+22
j  com.intellij.idea.StartupUtil.prepareAndStart([Ljava/lang/String;Lcom/intellij/idea/StartupUtil$AppStarter;)V+179
j  java.lang.invoke.LambdaForm$DMH.invokeStatic_LL_V(Ljava/lang/Object;Ljava/lang/Object;Ljava/lang/Object;)V+11
j  java.lang.invoke.LambdaForm$BMH.reinvoke(Ljava/lang/Object;Ljava/lang/Object;)Ljava/lang/Object;+118
j  java.lang.invoke.LambdaForm$MH.invoke_MT(Ljava/lang/Object;Ljava/lang/Object;Ljava/lang/Object;)Ljava/lang/Object;+17
j  com.intellij.idea.MainImpl.a(Ljava/lang/invoke/MethodHandles$Lookup;Ljava/lang/invoke/MutableCallSite;Ljava/lang/String;Ljava/lang/invoke/MethodType;[Ljava/lang/Object;)Ljava/lang/Object;+71
j  java.lang.invoke.LambdaForm$DMH.invokeStatic_L5_L(Ljava/lang/Object;Ljava/lang/Object;Ljava/lang/Object;Ljava/lang/Object;Ljava/lang/Object;Ljava/lang/Object;)Ljava/lang/Object;+18
j  java.lang.invoke.LambdaForm$BMH.reinvoke(Ljava/lang/Object;Ljava/lang/Object;Ljava/lang/Object;JJ)V+109
j  java.lang.invoke.LambdaForm$MH.linkToCallSite(Ljava/lang/Object;Ljava/lang/Object;JJLjava/lang/Object;)V+17
j  com.intellij.idea.MainImpl.start([Ljava/lang/String;)V+17
v  ~StubRoutines::call_stub
j  sun.reflect.NativeMethodAccessorImpl.invoke0(Ljava/lang/reflect/Method;Ljava/lang/Object;[Ljava/lang/Object;)Ljava/lang/Object;+0
j  sun.reflect.NativeMethodAccessorImpl.invoke(Ljava/lang/Object;[Ljava/lang/Object;)Ljava/lang/Object;+100
j  sun.reflect.DelegatingMethodAccessorImpl.invoke(Ljava/lang/Object;[Ljava/lang/Object;)Ljava/lang/Object;+6
j  java.lang.reflect.Method.invoke(Ljava/lang/Object;[Ljava/lang/Object;)Ljava/lang/Object;+56
j  com.intellij.ide.plugins.PluginManager.a(Ljava/lang/String;Ljava/lang/String;[Ljava/lang/String;)V+49
j  com.intellij.ide.plugins.PluginManager$$Lambda$3.run()V+12
j  java.lang.Thread.run()V+11
v  ~StubRoutines::call_stub

---------------  P R O C E S S  ---------------

Java Threads: ( => current thread )
  0x0000000006acb000 JavaThread "Netty Builtin Server 2" [_thread_in_native, id=82, stack(0x0000000017850000,0x0000000017950000)]
  0x0000000006ac9000 JavaThread "Netty Builtin Server 1" [_thread_in_native, id=81, stack(0x0000000007ee0000,0x0000000007fe0000)]
  0x0000000005b06000 JavaThread "AWT-Windows" daemon [_thread_in_native, id=80, stack(0x0000000006630000,0x0000000006730000)]
  0x0000000005b02800 JavaThread "Java2D Disposer" daemon [_thread_blocked, id=78, stack(0x0000000006410000,0x0000000006510000)]
=>0x0000000005c06800 JavaThread "Idea Main Thread" [_thread_in_native, id=77, stack(0x0000000006160000,0x0000000006260000)]
  0x000000000056d800 JavaThread "Service Thread" daemon [_thread_blocked, id=74, stack(0x0000000005170000,0x0000000005270000)]
  0x0000000004855000 JavaThread "C1 CompilerThread1" daemon [_thread_blocked, id=73, stack(0x0000000005060000,0x0000000005160000)]
  0x0000000004609800 JavaThread "C2 CompilerThread0" daemon [_thread_blocked, id=72, stack(0x0000000004f50000,0x0000000005050000)]
  0x0000000004607800 JavaThread "Attach Listener" daemon [_thread_blocked, id=71, stack(0x0000000004e40000,0x0000000004f40000)]
  0x0000000004605800 JavaThread "Signal Dispatcher" daemon [_thread_blocked, id=70, stack(0x0000000004d30000,0x0000000004e30000)]
  0x0000000004604000 JavaThread "Surrogate Locker Thread (Concurrent GC)" daemon [_thread_blocked, id=69, stack(0x0000000004c20000,0x0000000004d20000)]
  0x000000000484e800 JavaThread "Finalizer" daemon [_thread_blocked, id=68, stack(0x0000000004b10000,0x0000000004c10000)]
  0x00000000045ea000 JavaThread "Reference Handler" daemon [_thread_blocked, id=67, stack(0x0000000004a00000,0x0000000004b00000)]
  0x000000000046a800 JavaThread "main" [_thread_blocked, id=62, stack(0x0000000000140000,0x0000000000240000)]

Other Threads:
  0x00000000045e6800 VMThread [stack: 0x0000000004610000,0x0000000004710000] [id=66]
  0x000000000056f000 WatcherThread [stack: 0x0000000005280000,0x0000000005380000] [id=75]

VM state:not at safepoint (normal execution)

VM Mutex/Monitor currently owned by a thread: None

Heap:
 par new generation   total 39296K, used 5315K [0x00000000d1200000, 0x00000000d3ca0000, 0x00000000db860000)
  eden space 34944K,   2% used [0x00000000d1200000, 0x00000000d12f0d98, 0x00000000d3420000)
  from space 4352K, 100% used [0x00000000d3860000, 0x00000000d3ca0000, 0x00000000d3ca0000)
  to   space 4352K,   0% used [0x00000000d3420000, 0x00000000d3420000, 0x00000000d3860000)
 concurrent mark-sweep generation total 87424K, used 11960K [0x00000000db860000, 0x00000000e0dc0000, 0x0000000100000000)
 Metaspace       used 17636K, capacity 17941K, committed 18304K, reserved 1064960K
  class space    used 1959K, capacity 2082K, committed 2176K, reserved 1048576K

Card table byte_map: [0x0000000000bd0000,0x0000000000d50000] byte_map_base: 0x0000000000547000

Marking Bits: (CMSBitMap*) 0x00000000004aa348
 Bits: [0x0000000001090000, 0x00000000019ae800)

Mod Union Table: (CMSBitMap*) 0x00000000004aa408
 Bits: [0x00000000019b0000, 0x00000000019d47a0)

Polling page: 0x00000000005a0000

CodeCache: size=245760Kb used=3512Kb max_used=3571Kb free=242247Kb
 bounds [0x0000000008850000, 0x0000000008bd0000, 0x0000000017850000]
 total_blobs=1418 nmethods=987 adapters=346
 compilation: enabled

Compilation events (10 events):
Event: 28.218 Thread 0x0000000004855000 1097       3       java.io.BufferedReader::ensureOpen (18 bytes)
Event: 28.221 Thread 0x0000000004855000 nmethod 1097 0x0000000008969790 code [0x0000000008969900, 0x0000000008969b48]
Event: 28.221 Thread 0x0000000004855000 1098       3       javax.swing.text.html.CSSParser::readChar (25 bytes)
Event: 28.222 Thread 0x0000000004855000 nmethod 1098 0x0000000008a5f3d0 code [0x0000000008a5f540, 0x0000000008a5f7a8]
Event: 28.223 Thread 0x0000000004855000 1099   !   3       java.io.BufferedReader::read (104 bytes)
Event: 28.225 Thread 0x0000000004855000 nmethod 1099 0x0000000008a5e710 code [0x0000000008a5e8c0, 0x0000000008a5ef78]
Event: 28.226 Thread 0x0000000004855000 1096       1       sun.util.locale.BaseLocale::getLanguage (5 bytes)
Event: 28.227 Thread 0x0000000004855000 nmethod 1096 0x0000000008a5e450 code [0x0000000008a5e5a0, 0x0000000008a5e6b0]
Event: 28.249 Thread 0x0000000004855000 1100       3       java.lang.System::getProperty (25 bytes)
Event: 28.253 Thread 0x0000000004855000 nmethod 1100 0x0000000008a5d990 code [0x0000000008a5db60, 0x0000000008a5e1c8]

GC Heap History (6 events):
Event: 15.094 GC heap before
{Heap before GC invocations=0 (full 0):
 par new generation   total 39296K, used 34944K [0x00000000d1200000, 0x00000000d3ca0000, 0x00000000db860000)
  eden space 34944K, 100% used [0x00000000d1200000, 0x00000000d3420000, 0x00000000d3420000)
  from space 4352K,   0% used [0x00000000d3420000, 0x00000000d3420000, 0x00000000d3860000)
  to   space 4352K,   0% used [0x00000000d3860000, 0x00000000d3860000, 0x00000000d3ca0000)
 concurrent mark-sweep generation total 87424K, used 0K [0x00000000db860000, 0x00000000e0dc0000, 0x0000000100000000)
 Metaspace       used 6109K, capacity 6247K, committed 6400K, reserved 1056768K
  class space    used 638K, capacity 697K, committed 768K, reserved 1048576K
Event: 15.117 GC heap after
Heap after GC invocations=1 (full 0):
 par new generation   total 39296K, used 3269K [0x00000000d1200000, 0x00000000d3ca0000, 0x00000000db860000)
  eden space 34944K,   0% used [0x00000000d1200000, 0x00000000d1200000, 0x00000000d3420000)
  from space 4352K,  75% used [0x00000000d3860000, 0x00000000d3b914b0, 0x00000000d3ca0000)
  to   space 4352K,   0% used [0x00000000d3420000, 0x00000000d3420000, 0x00000000d3860000)
 concurrent mark-sweep generation total 87424K, used 0K [0x00000000db860000, 0x00000000e0dc0000, 0x0000000100000000)
 Metaspace       used 6109K, capacity 6247K, committed 6400K, reserved 1056768K
  class space    used 638K, capacity 697K, committed 768K, reserved 1048576K
}
Event: 16.465 GC heap before
{Heap before GC invocations=1 (full 0):
 par new generation   total 39296K, used 38213K [0x00000000d1200000, 0x00000000d3ca0000, 0x00000000db860000)
  eden space 34944K, 100% used [0x00000000d1200000, 0x00000000d3420000, 0x00000000d3420000)
  from space 4352K,  75% used [0x00000000d3860000, 0x00000000d3b914b0, 0x00000000d3ca0000)
  to   space 4352K,   0% used [0x00000000d3420000, 0x00000000d3420000, 0x00000000d3860000)
 concurrent mark-sweep generation total 87424K, used 0K [0x00000000db860000, 0x00000000e0dc0000, 0x0000000100000000)
 Metaspace       used 6146K, capacity 6311K, committed 6400K, reserved 1056768K
  class space    used 638K, capacity 697K, committed 768K, reserved 1048576K
Event: 16.669 GC heap after
Heap after GC invocations=2 (full 0):
 par new generation   total 39296K, used 4352K [0x00000000d1200000, 0x00000000d3ca0000, 0x00000000db860000)
  eden space 34944K,   0% used [0x00000000d1200000, 0x00000000d1200000, 0x00000000d3420000)
  from space 4352K, 100% used [0x00000000d3420000, 0x00000000d3860000, 0x00000000d3860000)
  to   space 4352K,   0% used [0x00000000d3860000, 0x00000000d3860000, 0x00000000d3ca0000)
 concurrent mark-sweep generation total 87424K, used 7309K [0x00000000db860000, 0x00000000e0dc0000, 0x0000000100000000)
 Metaspace       used 6146K, capacity 6311K, committed 6400K, reserved 1056768K
  class space    used 638K, capacity 697K, committed 768K, reserved 1048576K
}
Event: 28.078 GC heap before
{Heap before GC invocations=2 (full 0):
 par new generation   total 39296K, used 39296K [0x00000000d1200000, 0x00000000d3ca0000, 0x00000000db860000)
  eden space 34944K, 100% used [0x00000000d1200000, 0x00000000d3420000, 0x00000000d3420000)
  from space 4352K, 100% used [0x00000000d3420000, 0x00000000d3860000, 0x00000000d3860000)
  to   space 4352K,   0% used [0x00000000d3860000, 0x00000000d3860000, 0x00000000d3ca0000)
 concurrent mark-sweep generation total 87424K, used 7309K [0x00000000db860000, 0x00000000e0dc0000, 0x0000000100000000)
 Metaspace       used 17468K, capacity 17749K, committed 18048K, reserved 1064960K
  class space    used 1943K, capacity 2082K, committed 2176K, reserved 1048576K
Event: 28.139 GC heap after
Heap after GC invocations=3 (full 0):
 par new generation   total 39296K, used 4352K [0x00000000d1200000, 0x00000000d3ca0000, 0x00000000db860000)
  eden space 34944K,   0% used [0x00000000d1200000, 0x00000000d1200000, 0x00000000d3420000)
  from space 4352K, 100% used [0x00000000d3860000, 0x00000000d3ca0000, 0x00000000d3ca0000)
  to   space 4352K,   0% used [0x00000000d3420000, 0x00000000d3420000, 0x00000000d3860000)
 concurrent mark-sweep generation total 87424K, used 11960K [0x00000000db860000, 0x00000000e0dc0000, 0x0000000100000000)
 Metaspace       used 17468K, capacity 17749K, committed 18048K, reserved 1064960K
  class space    used 1943K, capacity 2082K, committed 2176K, reserved 1048576K
}

Deoptimization events (10 events):
Event: 16.968 Thread 0x0000000005c06800 Uncommon trap: reason=unstable_if action=reinterpret pc=0x0000000008ac8074 method=java.lang.ThreadLocal.get()Ljava/lang/Object; @ 11
Event: 19.858 Thread 0x0000000005c06800 Uncommon trap: reason=class_check action=maybe_recompile pc=0x0000000008af8fcc method=java.util.HashMap.putVal(ILjava/lang/Object;Ljava/lang/Object;ZZ)Ljava/lang/Object; @ 203
Event: 19.947 Thread 0x0000000005c06800 Uncommon trap: reason=unstable_if action=reinterpret pc=0x0000000008ae25f8 method=java.lang.ThreadLocal$ThreadLocalMap.getEntry(Ljava/lang/ThreadLocal;)Ljava/lang/ThreadLocal$ThreadLocalMap$Entry; @ 21
Event: 20.630 Thread 0x0000000005c06800 Uncommon trap: reason=unstable_if action=reinterpret pc=0x00000000089fb6e0 method=java.net.URI.match(CJJ)Z @ 45
Event: 20.845 Thread 0x0000000005c06800 Uncommon trap: reason=unstable_if action=reinterpret pc=0x0000000008b4a82c method=java.lang.ThreadLocal$ThreadLocalMap.getEntry(Ljava/lang/ThreadLocal;)Ljava/lang/ThreadLocal$ThreadLocalMap$Entry; @ 21
Event: 20.864 Thread 0x0000000005c06800 Uncommon trap: reason=unstable_if action=reinterpret pc=0x0000000008b240f8 method=java.lang.String.indexOf([CII[CIII)I @ 3
Event: 22.452 Thread 0x0000000005c06800 Uncommon trap: reason=unstable_if action=reinterpret pc=0x0000000008ae2130 method=java.lang.StringCoding$StringDecoder.decode([BII)[C @ 20
Event: 22.552 Thread 0x0000000005c06800 Uncommon trap: reason=unstable_if action=reinterpret pc=0x0000000008b97248 method=java.util.HashMap$HashIterator.nextNode()Ljava/util/HashMap$Node; @ 74
Event: 22.553 Thread 0x0000000005c06800 Uncommon trap: reason=unstable_if action=reinterpret pc=0x0000000008b7d894 method=java.util.HashMap$HashIterator.hasNext()Z @ 4
Event: 22.869 Thread 0x0000000005c06800 Uncommon trap: reason=unstable_if action=reinterpret pc=0x0000000008b96e08 method=java.util.HashMap$HashIterator.nextNode()Ljava/util/HashMap$Node; @ 74

Classes redefined (0 events):
No events

Internal exceptions (10 events):
Event: 27.343 Thread 0x0000000005c06800 Exception <a 'java/lang/ClassNotFoundException': org/apache/log4j/WriterAppenderBeanInfo> (0x00000000d32fd130) thrown at [C:\BuildAgent\work\23225f20456de788\hotspot\src\share\vm\classfile\systemDictionary.cpp, line 210]
Event: 27.343 Thread 0x0000000005c06800 Exception <a 'java/lang/ClassNotFoundException': org/apache/log4j/AppenderSkeletonBeanInfo> (0x00000000d32feb60) thrown at [C:\BuildAgent\work\23225f20456de788\hotspot\src\share\vm\classfile\systemDictionary.cpp, line 210]
Event: 27.346 Thread 0x0000000005c06800 Exception <a 'java/lang/ClassNotFoundException': org/apache/log4j/AppenderSkeletonCustomizer> (0x00000000d3300518) thrown at [C:\BuildAgent\work\23225f20456de788\hotspot\src\share\vm\classfile\systemDictionary.cpp, line 210]
Event: 27.359 Thread 0x0000000005c06800 Exception <a 'java/lang/ClassNotFoundException': org/apache/log4j/WriterAppenderCustomizer> (0x00000000d3311c58) thrown at [C:\BuildAgent\work\23225f20456de788\hotspot\src\share\vm\classfile\systemDictionary.cpp, line 210]
Event: 27.368 Thread 0x0000000005c06800 Exception <a 'java/lang/ClassNotFoundException': org/apache/log4j/FileAppenderCustomizer> (0x00000000d331fdd8) thrown at [C:\BuildAgent\work\23225f20456de788\hotspot\src\share\vm\classfile\systemDictionary.cpp, line 210]
Event: 27.376 Thread 0x0000000005c06800 Exception <a 'java/lang/ClassNotFoundException': org/apache/log4j/RollingFileAppenderCustomizer> (0x00000000d332e240) thrown at [C:\BuildAgent\work\23225f20456de788\hotspot\src\share\vm\classfile\systemDictionary.cpp, line 210]
Event: 27.395 Thread 0x0000000005c06800 Exception <a 'java/lang/ClassNotFoundException': org/apache/log4j/PatternLayoutBeanInfo> (0x00000000d333bf28) thrown at [C:\BuildAgent\work\23225f20456de788\hotspot\src\share\vm\classfile\systemDictionary.cpp, line 210]
Event: 27.395 Thread 0x0000000005c06800 Exception <a 'java/lang/ClassNotFoundException': org/apache/log4j/LayoutBeanInfo> (0x00000000d333d698) thrown at [C:\BuildAgent\work\23225f20456de788\hotspot\src\share\vm\classfile\systemDictionary.cpp, line 210]
Event: 27.396 Thread 0x0000000005c06800 Exception <a 'java/lang/ClassNotFoundException': org/apache/log4j/LayoutCustomizer> (0x00000000d333ee20) thrown at [C:\BuildAgent\work\23225f20456de788\hotspot\src\share\vm\classfile\systemDictionary.cpp, line 210]
Event: 27.408 Thread 0x0000000005c06800 Exception <a 'java/lang/ClassNotFoundException': org/apache/log4j/PatternLayoutCustomizer> (0x00000000d3344d40) thrown at [C:\BuildAgent\work\23225f20456de788\hotspot\src\share\vm\classfile\systemDictionary.cpp, line 210]

Events (10 events):
Event: 28.227 Thread 0x0000000004855000 flushing nmethod 0x0000000008ade6d0
Event: 28.227 Thread 0x0000000004855000 flushing nmethod 0x0000000008ae6950
Event: 28.228 loading class sun/font/FontUtilities
Event: 28.242 loading class sun/font/FontUtilities done
Event: 28.243 loading class sun/font/FontUtilities$1
Event: 28.243 loading class sun/font/FontUtilities$1 done
Event: 28.246 loading class sun/java2d/windows/WindowsFlags
Event: 28.246 loading class sun/java2d/windows/WindowsFlags done
Event: 28.247 loading class sun/java2d/windows/WindowsFlags$1
Event: 28.247 loading class sun/java2d/windows/WindowsFlags$1 done


Dynamic libraries:
0x0000000140000000 - 0x000000014014b000 	Z:\home\oumarsow\Bureau\PhpStorm 2018.1.4\bin\phpstorm64.exe
0x000000007bc20000 - 0x000000007bd1a000 	C:\windows\system32\ntdll.dll
0x000000007b420000 - 0x000000007b812000 	C:\windows\system32\KERNEL32.dll
0x00007f2e84100000 - 0x00007f2e84348000 	C:\windows\system32\user32.dll
0x00007f2e83e80000 - 0x00007f2e83fe3000 	C:\windows\system32\gdi32.dll
0x00007f2e83de0000 - 0x00007f2e83e66000 	C:\windows\system32\advapi32.dll
0x00007f2e85ee0000 - 0x00007f2e85efa000 	C:\windows\system32\version.dll
0x00007f2e83b00000 - 0x00007f2e83dd3000 	C:\windows\system32\shell32.dll
0x00007f2e83a60000 - 0x00007f2e83adb000 	C:\windows\system32\shlwapi.dll
0x00007f2e82e20000 - 0x00007f2e82e3c000 	C:\windows\system32\imm32.dll
0x0000000008000000 - 0x0000000008841000 	Z:\home\oumarsow\Bureau\PhpStorm 2018.1.4\jre64\bin\server\jvm.dll
0x00007f2e82dd0000 - 0x00007f2e82de7000 	C:\windows\system32\wsock32.dll
0x00007f2e82d90000 - 0x00007f2e82dcb000 	C:\windows\system32\ws2_32.dll
0x00007f2e82d60000 - 0x00007f2e82d88000 	C:\windows\system32\iphlpapi.dll
0x00007f2e82ca0000 - 0x00007f2e82d59000 	C:\windows\system32\winmm.dll
0x00007f2e82b20000 - 0x00007f2e82c94000 	C:\windows\system32\ole32.dll
0x00007f2e82a70000 - 0x00007f2e82af2000 	C:\windows\system32\rpcrt4.dll
0x00007f2e82a30000 - 0x00007f2e82a5c000 	C:\windows\system32\msacm32.dll
0x00007f2e82a20000 - 0x00007f2e82a2e000 	C:\windows\system32\psapi.dll
0x00007f2e82940000 - 0x00007f2e82a1a000 	C:\windows\system32\msvcr100.dll
0x0000000180000000 - 0x000000018000f000 	Z:\home\oumarsow\Bureau\PhpStorm 2018.1.4\jre64\bin\verify.dll
0x0000000000570000 - 0x0000000000599000 	Z:\home\oumarsow\Bureau\PhpStorm 2018.1.4\jre64\bin\java.dll
0x00000000005d0000 - 0x00000000005e6000 	Z:\home\oumarsow\Bureau\PhpStorm 2018.1.4\jre64\bin\zip.dll
0x0000000006270000 - 0x0000000006407000 	Z:\home\oumarsow\Bureau\PhpStorm 2018.1.4\jre64\bin\awt.dll
0x00007f2e827d0000 - 0x00007f2e82922000 	C:\windows\system32\oleaut32.dll
0x00007f2e82740000 - 0x00007f2e827a3000 	C:\windows\system32\d2d1.dll
0x00007f2e82720000 - 0x00007f2e8272e000 	C:\windows\system32\d3d10_1.dll
0x00007f2e82710000 - 0x00007f2e82717000 	C:\windows\system32\d3d10core.dll
0x00007f2e82680000 - 0x00007f2e82701000 	C:\windows\system32\d3d11.dll
0x00007f2e82650000 - 0x00007f2e82678000 	C:\windows\system32\dxgi.dll
0x00007f2e82500000 - 0x00007f2e82644000 	C:\windows\system32\wined3d.dll
0x000000007a850000 - 0x000000007a9dd000 	C:\windows\system32\opengl32.dll
0x00007f2e824a0000 - 0x00007f2e824d8000 	C:\windows\system32\d3d10.dll
0x00007f2e82420000 - 0x00007f2e82491000 	C:\windows\system32\d3dcompiler_43.dll
0x00007f2e82380000 - 0x00007f2e82411000 	C:\windows\system32\winex11.drv
0x00007f2e80230000 - 0x00007f2e80375000 	C:\windows\system32\comctl32.dll
0x00007f2e801e0000 - 0x00007f2e80223000 	C:\windows\system32\usp10.dll
0x00007f2e801a0000 - 0x00007f2e801d5000 	C:\windows\system32\uxtheme.dll
0x0000000004780000 - 0x000000000479a000 	Z:\home\oumarsow\Bureau\PhpStorm 2018.1.4\jre64\bin\net.dll
0x00000000047a0000 - 0x00000000047b1000 	Z:\home\oumarsow\Bureau\PhpStorm 2018.1.4\jre64\bin\nio.dll
0x00007f2e82360000 - 0x00007f2e8236b000 	C:\windows\system32\mswsock.dll
0x00007f2e800f0000 - 0x00007f2e80151000 	C:\windows\system32\dbghelp.dll
0x00007f2e80030000 - 0x00007f2e800e0000 	C:\windows\system32\msvcrt.dll

VM Arguments:
jvm_args: -Xms128m -Xmx750m -XX:ReservedCodeCacheSize=240m -XX:+UseConcMarkSweepGC -XX:SoftRefLRUPolicyMSPerMB=50 -ea -Dsun.io.useCanonCaches=false -Djava.net.preferIPv4Stack=true -XX:+HeapDumpOnOutOfMemoryError -XX:-OmitStackTraceInFastThrow -Djb.vmOptionsFile=Z:\home\oumarsow\Bureau\PhpStorm 2018.1.4\bin\phpstorm64.exe.vmoptions -Didea.platform.prefix=PhpStorm -Didea.jre.check=true -Dide.native.launcher=true -Didea.paths.selector=PhpStorm2018.1 -XX:ErrorFile=C:\users\oumarsow\java_error_in_phpstorm_%p.log -XX:HeapDumpPath=C:\users\oumarsow\java_error_in_phpstorm.hprof 
java_command: <unknown>
java_class_path (initial): Z:\home\oumarsow\Bureau\PhpStorm 2018.1.4\lib\bootstrap.jar;Z:\home\oumarsow\Bureau\PhpStorm 2018.1.4\lib\extensions.jar;Z:\home\oumarsow\Bureau\PhpStorm 2018.1.4\lib\util.jar;Z:\home\oumarsow\Bureau\PhpStorm 2018.1.4\lib\jdom.jar;Z:\home\oumarsow\Bureau\PhpStorm 2018.1.4\lib\log4j.jar;Z:\home\oumarsow\Bureau\PhpStorm 2018.1.4\lib\trove4j.jar;Z:\home\oumarsow\Bureau\PhpStorm 2018.1.4\lib\jna.jar;Z:\home\oumarsow\Bureau\PhpStorm 2018.1.4\jre64\lib\tools.jar
Launcher Type: generic

Environment Variables:
JAVA_HOME=/usr/lib/jvm/java-8-oracle
PATH=C:\windows\system32;C:\windows;C:\windows\system32\wbem
USERNAME=oumarsow
SHELL=/bin/bash
DISPLAY=:0
OS=Windows_NT
PROCESSOR_IDENTIFIER=AMD64 Family 22 Model 0 Stepping 1, GenuineIntel



---------------  S Y S T E M  ---------------

OS: Windows 5.1 , 64 bit Build 2600 (5.1.2600.2180)

CPU:total 2 (initial active 2) (2 cores per cpu, 1 threads per core) family 22 model 0 stepping 1, cmov, cx8, fxsr, mmx, sse, sse2, sse3, ssse3, sse4.1, sse4.2, popcnt, avx, aes, clmul, mmxext, 3dnowpref, lzcnt, sse4a, tsc, tscinvbit, tscinv, bmi1

Memory: 4k page, physical 3492712k(1122972k free), swap 12281700k(9853836k free)

vm_info: OpenJDK 64-Bit Server VM (25.152-b39) for windows-amd64 JRE (1.8.0_152-release-1136-b39), built on May 14 2018 16:48:09 by "builduser" with MS VC++ 10.0 (VS2010)

time: Thu Oct 04 01:11:46 2018
elapsed time: 32 seconds (0d 0h 0m 32s)

